1497
3081
3595
1432
3329
3692
3142
2937
2014
3047
3325
2520
3693
3478
2374
2457
2937
2014
3745
2838
3945
1757
3034
3345
3149
3396
3390
2254
3501
2916
3451
2444
2327
1915
3456
3765
1343
1018
3265
3765
2605
2176
1232
2833
2230
2485
2137
3905
1138
3682
2547
2304
2142
1326
2384
2015
1991
3055
2827
2300
1456
1072
3693
2247
2015
1830
1582
3153
2502
2778
1383
2012
1114
3558
3107
3271
1947
3614
2164
2882
1085
2627
1953
3051
1077
3174
3782
2260
3766
2339
2578
2404
2012
1552
3745
1755
1680
1208
1018
3815
1420
1809
2762
1759
2015
3665
3149
1109
1816
2204
1420
3535
3566
2014
3886
1143
1582
2393
2283
3103
3351
3438
1676
2433
1232
1420
3362
1893
2239
2969
1318
1338
3066
1397
1338
1395
2537
2204
2810
3745
2921
3814
2228
1619
3129
1487
1152
3814
3735
2202
3089
3528
2920
2625
1392
1964
2028
1782
3842
3882
1853
2113
2601
2129
2386
2916
3117
3595
1892
1755
3146
1914
3139
3055
2732
3791
3109
3438
1963
1056
1272
1370
2045
1881
3534
2014
1109
3833
1962
2445
2352
2768
3732
3828
2547
1707
2202
3244
1377
3818
1632
2339
1804
2395
3229
1472
2732
1318
1338
1680
2854
1420
3506
3028
3496
3801
1368
3724
3451
991
1081
3451
3509
2443
1329
1071
1141
3684
2156
1964
1097
2313
1608
2739
3535
2326
2903
2339
1770
3232
1536
3271
2496
2457
2502
3799
2502
3813
1719
1527
2393
3437
3174
2833
3793
1550
3745
1097
2674
2757
1550
949
2675
3032
2702
2810
1118
3509
2129
2743
1392
3751
3424
2321
2095
1781
3776
2754
2267
2240
3528
3139
2764
1605
983
3544
2404
3776
1675
3142
1765
2400
979
2230
2416
2137
1341
3534
2778
2325
2012
1064
2146
1077
3324
2726
1881
2921
2778
2283
3149
2467
1532
1332
3692
1022
2626
1619
1757
1045
1081
2496
